  EMPTY.cpp
  Waypoint.cpp
  LevelManager.cpp
  Level.cpp
  EnemyWave.cpp
  Enemy.cpp
  SpaceShipBehaviour.cpp
  EnemyBehaviour.cpp
  CameraBehaviour.cpp
  DebugHud.cpp
  MGEDemo.cpp
  TextureMaterial.cpp
  ColorMaterial.cpp
  AbstractMaterial.cpp
  World.cpp
  Texture.cpp
  ShaderProgram.cpp
  Renderer.cpp
  Mesh.cpp
  GameObject.cpp
  Generating Code...
  Compiling...
  Camera.cpp
  AbstractGame.cpp
  RotatingBehaviour.cpp
  OrbitBehaviour.cpp
  LookAt.cpp
  KeysBehaviour.cpp
  AbstractBehaviour.cpp
  Scene.cpp
  ObjectActor.cpp
  ControlledActor.cpp
  Actor.cpp
  CollisionManager.cpp
  PickUpBehaviour.cpp
  BulletBehaviour.cpp
  PlayerBehaviour.cpp
  ActorEnemyBehaviour.cpp
  AbstractActorBehaviour.cpp
  ImageBehaviour.cpp
  LevelEditor.cpp
c:\users\rodrigo\documents\saxion\second_year\quartier_7\engine\engine\src\mgengine\leveleditor\leveleditor.cpp(46): warning C4244: 'argument': conversion from 'int' to 'float', possible loss of data
c:\users\rodrigo\documents\saxion\second_year\quartier_7\engine\engine\src\mgengine\leveleditor\leveleditor.cpp(118): warning C4244: '=': conversion from 'int' to 'float', possible loss of data
c:\users\rodrigo\documents\saxion\second_year\quartier_7\engine\engine\src\mgengine\leveleditor\leveleditor.cpp(115): warning C4101: 'sz': unreferenced local variable
  main.cpp
  Generating Code...
BulletDynamics.lib(btConeTwistConstraint.obj) : warning LNK4099: PDB 'BulletDynamics.pdb' was not found with 'BulletDynamics.lib(btConeTwistConstraint.obj)' or at 'C:\Users\Rodrigo\Documents\Saxion\Second_Year\Quartier_7\Engine\Engine\_vs2015\debug_dynamic_exe\BulletDynamics.pdb'; linking object as if no debug info
BulletDynamics.lib(btGeneric6DofConstraint.obj) : warning LNK4099: PDB 'BulletDynamics.pdb' was not found with 'BulletDynamics.lib(btGeneric6DofConstraint.obj)' or at 'C:\Users\Rodrigo\Documents\Saxion\Second_Year\Quartier_7\Engine\Engine\_vs2015\debug_dynamic_exe\BulletDynamics.pdb'; linking object as if no debug info
BulletDynamics.lib(btSequentialImpulseConstraintSolver.obj) : warning LNK4099: PDB 'BulletDynamics.pdb' was not found with 'BulletDynamics.lib(btSequentialImpulseConstraintSolver.obj)' or at 'C:\Users\Rodrigo\Documents\Saxion\Second_Year\Quartier_7\Engine\Engine\_vs2015\debug_dynamic_exe\BulletDynamics.pdb'; linking object as if no debug info
BulletDynamics.lib(btTypedConstraint.obj) : warning LNK4099: PDB 'BulletDynamics.pdb' was not found with 'BulletDynamics.lib(btTypedConstraint.obj)' or at 'C:\Users\Rodrigo\Documents\Saxion\Second_Year\Quartier_7\Engine\Engine\_vs2015\debug_dynamic_exe\BulletDynamics.pdb'; linking object as if no debug info
BulletDynamics.lib(btDiscreteDynamicsWorld.obj) : warning LNK4099: PDB 'BulletDynamics.pdb' was not found with 'BulletDynamics.lib(btDiscreteDynamicsWorld.obj)' or at 'C:\Users\Rodrigo\Documents\Saxion\Second_Year\Quartier_7\Engine\Engine\_vs2015\debug_dynamic_exe\BulletDynamics.pdb'; linking object as if no debug info
BulletDynamics.lib(btRigidBody.obj) : warning LNK4099: PDB 'BulletDynamics.pdb' was not found with 'BulletDynamics.lib(btRigidBody.obj)' or at 'C:\Users\Rodrigo\Documents\Saxion\Second_Year\Quartier_7\Engine\Engine\_vs2015\debug_dynamic_exe\BulletDynamics.pdb'; linking object as if no debug info
BulletCollision.lib(btCollisionAlgorithm.obj) : warning LNK4099: PDB 'BulletCollision.pdb' was not found with 'BulletCollision.lib(btCollisionAlgorithm.obj)' or at 'C:\Users\Rodrigo\Documents\Saxion\Second_Year\Quartier_7\Engine\Engine\_vs2015\debug_dynamic_exe\BulletCollision.pdb'; linking object as if no debug info
BulletCollision.lib(btDbvt.obj) : warning LNK4099: PDB 'BulletCollision.pdb' was not found with 'BulletCollision.lib(btDbvt.obj)' or at 'C:\Users\Rodrigo\Documents\Saxion\Second_Year\Quartier_7\Engine\Engine\_vs2015\debug_dynamic_exe\BulletCollision.pdb'; linking object as if no debug info
BulletCollision.lib(btDbvtBroadphase.obj) : warning LNK4099: PDB 'BulletCollision.pdb' was not found with 'BulletCollision.lib(btDbvtBroadphase.obj)' or at 'C:\Users\Rodrigo\Documents\Saxion\Second_Year\Quartier_7\Engine\Engine\_vs2015\debug_dynamic_exe\BulletCollision.pdb'; linking object as if no debug info
BulletCollision.lib(btDispatcher.obj) : warning LNK4099: PDB 'BulletCollision.pdb' was not found with 'BulletCollision.lib(btDispatcher.obj)' or at 'C:\Users\Rodrigo\Documents\Saxion\Second_Year\Quartier_7\Engine\Engine\_vs2015\debug_dynamic_exe\BulletCollision.pdb'; linking object as if no debug info
BulletCollision.lib(btOverlappingPairCache.obj) : warning LNK4099: PDB 'BulletCollision.pdb' was not found with 'BulletCollision.lib(btOverlappingPairCache.obj)' or at 'C:\Users\Rodrigo\Documents\Saxion\Second_Year\Quartier_7\Engine\Engine\_vs2015\debug_dynamic_exe\BulletCollision.pdb'; linking object as if no debug info
BulletCollision.lib(btQuantizedBvh.obj) : warning LNK4099: PDB 'BulletCollision.pdb' was not found with 'BulletCollision.lib(btQuantizedBvh.obj)' or at 'C:\Users\Rodrigo\Documents\Saxion\Second_Year\Quartier_7\Engine\Engine\_vs2015\debug_dynamic_exe\BulletCollision.pdb'; linking object as if no debug info
BulletCollision.lib(btActivatingCollisionAlgorithm.obj) : warning LNK4099: PDB 'BulletCollision.pdb' was not found with 'BulletCollision.lib(btActivatingCollisionAlgorithm.obj)' or at 'C:\Users\Rodrigo\Documents\Saxion\Second_Year\Quartier_7\Engine\Engine\_vs2015\debug_dynamic_exe\BulletCollision.pdb'; linking object as if no debug info
BulletCollision.lib(btBoxBoxCollisionAlgorithm.obj) : warning LNK4099: PDB 'BulletCollision.pdb' was not found with 'BulletCollision.lib(btBoxBoxCollisionAlgorithm.obj)' or at 'C:\Users\Rodrigo\Documents\Saxion\Second_Year\Quartier_7\Engine\Engine\_vs2015\debug_dynamic_exe\BulletCollision.pdb'; linking object as if no debug info
BulletCollision.lib(btBoxBoxDetector.obj) : warning LNK4099: PDB 'BulletCollision.pdb' was not found with 'BulletCollision.lib(btBoxBoxDetector.obj)' or at 'C:\Users\Rodrigo\Documents\Saxion\Second_Year\Quartier_7\Engine\Engine\_vs2015\debug_dynamic_exe\BulletCollision.pdb'; linking object as if no debug info
BulletCollision.lib(btCollisionDispatcher.obj) : warning LNK4099: PDB 'BulletCollision.pdb' was not found with 'BulletCollision.lib(btCollisionDispatcher.obj)' or at 'C:\Users\Rodrigo\Documents\Saxion\Second_Year\Quartier_7\Engine\Engine\_vs2015\debug_dynamic_exe\BulletCollision.pdb'; linking object as if no debug info
BulletCollision.lib(btCollisionObject.obj) : warning LNK4099: PDB 'BulletCollision.pdb' was not found with 'BulletCollision.lib(btCollisionObject.obj)' or at 'C:\Users\Rodrigo\Documents\Saxion\Second_Year\Quartier_7\Engine\Engine\_vs2015\debug_dynamic_exe\BulletCollision.pdb'; linking object as if no debug info
BulletCollision.lib(btCollisionWorld.obj) : warning LNK4099: PDB 'BulletCollision.pdb' was not found with 'BulletCollision.lib(btCollisionWorld.obj)' or at 'C:\Users\Rodrigo\Documents\Saxion\Second_Year\Quartier_7\Engine\Engine\_vs2015\debug_dynamic_exe\BulletCollision.pdb'; linking object as if no debug info
BulletCollision.lib(btCompoundCollisionAlgorithm.obj) : warning LNK4099: PDB 'BulletCollision.pdb' was not found with 'BulletCollision.lib(btCompoundCollisionAlgorithm.obj)' or at 'C:\Users\Rodrigo\Documents\Saxion\Second_Year\Quartier_7\Engine\Engine\_vs2015\debug_dynamic_exe\BulletCollision.pdb'; linking object as if no debug info
BulletCollision.lib(btCompoundCompoundCollisionAlgorithm.obj) : warning LNK4099: PDB 'BulletCollision.pdb' was not found with 'BulletCollision.lib(btCompoundCompoundCollisionAlgorithm.obj)' or at 'C:\Users\Rodrigo\Documents\Saxion\Second_Year\Quartier_7\Engine\Engine\_vs2015\debug_dynamic_exe\BulletCollision.pdb'; linking object as if no debug info
BulletCollision.lib(btConvexConcaveCollisionAlgorithm.obj) : warning LNK4099: PDB 'BulletCollision.pdb' was not found with 'BulletCollision.lib(btConvexConcaveCollisionAlgorithm.obj)' or at 'C:\Users\Rodrigo\Documents\Saxion\Second_Year\Quartier_7\Engine\Engine\_vs2015\debug_dynamic_exe\BulletCollision.pdb'; linking object as if no debug info
BulletCollision.lib(btConvexConvexAlgorithm.obj) : warning LNK4099: PDB 'BulletCollision.pdb' was not found with 'BulletCollision.lib(btConvexConvexAlgorithm.obj)' or at 'C:\Users\Rodrigo\Documents\Saxion\Second_Year\Quartier_7\Engine\Engine\_vs2015\debug_dynamic_exe\BulletCollision.pdb'; linking object as if no debug info
BulletCollision.lib(btConvexPlaneCollisionAlgorithm.obj) : warning LNK4099: PDB 'BulletCollision.pdb' was not found with 'BulletCollision.lib(btConvexPlaneCollisionAlgorithm.obj)' or at 'C:\Users\Rodrigo\Documents\Saxion\Second_Year\Quartier_7\Engine\Engine\_vs2015\debug_dynamic_exe\BulletCollision.pdb'; linking object as if no debug info
BulletCollision.lib(btDefaultCollisionConfiguration.obj) : warning LNK4099: PDB 'BulletCollision.pdb' was not found with 'BulletCollision.lib(btDefaultCollisionConfiguration.obj)' or at 'C:\Users\Rodrigo\Documents\Saxion\Second_Year\Quartier_7\Engine\Engine\_vs2015\debug_dynamic_exe\BulletCollision.pdb'; linking object as if no debug info
BulletCollision.lib(btEmptyCollisionAlgorithm.obj) : warning LNK4099: PDB 'BulletCollision.pdb' was not found with 'BulletCollision.lib(btEmptyCollisionAlgorithm.obj)' or at 'C:\Users\Rodrigo\Documents\Saxion\Second_Year\Quartier_7\Engine\Engine\_vs2015\debug_dynamic_exe\BulletCollision.pdb'; linking object as if no debug info
BulletCollision.lib(btHashedSimplePairCache.obj) : warning LNK4099: PDB 'BulletCollision.pdb' was not found with 'BulletCollision.lib(btHashedSimplePairCache.obj)' or at 'C:\Users\Rodrigo\Documents\Saxion\Second_Year\Quartier_7\Engine\Engine\_vs2015\debug_dynamic_exe\BulletCollision.pdb'; linking object as if no debug info
BulletCollision.lib(btManifoldResult.obj) : warning LNK4099: PDB 'BulletCollision.pdb' was not found with 'BulletCollision.lib(btManifoldResult.obj)' or at 'C:\Users\Rodrigo\Documents\Saxion\Second_Year\Quartier_7\Engine\Engine\_vs2015\debug_dynamic_exe\BulletCollision.pdb'; linking object as if no debug info
BulletCollision.lib(btSimulationIslandManager.obj) : warning LNK4099: PDB 'BulletCollision.pdb' was not found with 'BulletCollision.lib(btSimulationIslandManager.obj)' or at 'C:\Users\Rodrigo\Documents\Saxion\Second_Year\Quartier_7\Engine\Engine\_vs2015\debug_dynamic_exe\BulletCollision.pdb'; linking object as if no debug info
BulletCollision.lib(btSphereSphereCollisionAlgorithm.obj) : warning LNK4099: PDB 'BulletCollision.pdb' was not found with 'BulletCollision.lib(btSphereSphereCollisionAlgorithm.obj)' or at 'C:\Users\Rodrigo\Documents\Saxion\Second_Year\Quartier_7\Engine\Engine\_vs2015\debug_dynamic_exe\BulletCollision.pdb'; linking object as if no debug info
BulletCollision.lib(btSphereTriangleCollisionAlgorithm.obj) : warning LNK4099: PDB 'BulletCollision.pdb' was not found with 'BulletCollision.lib(btSphereTriangleCollisionAlgorithm.obj)' or at 'C:\Users\Rodrigo\Documents\Saxion\Second_Year\Quartier_7\Engine\Engine\_vs2015\debug_dynamic_exe\BulletCollision.pdb'; linking object as if no debug info
BulletCollision.lib(btUnionFind.obj) : warning LNK4099: PDB 'BulletCollision.pdb' was not found with 'BulletCollision.lib(btUnionFind.obj)' or at 'C:\Users\Rodrigo\Documents\Saxion\Second_Year\Quartier_7\Engine\Engine\_vs2015\debug_dynamic_exe\BulletCollision.pdb'; linking object as if no debug info
BulletCollision.lib(SphereTriangleDetector.obj) : warning LNK4099: PDB 'BulletCollision.pdb' was not found with 'BulletCollision.lib(SphereTriangleDetector.obj)' or at 'C:\Users\Rodrigo\Documents\Saxion\Second_Year\Quartier_7\Engine\Engine\_vs2015\debug_dynamic_exe\BulletCollision.pdb'; linking object as if no debug info
BulletCollision.lib(btBoxShape.obj) : warning LNK4099: PDB 'BulletCollision.pdb' was not found with 'BulletCollision.lib(btBoxShape.obj)' or at 'C:\Users\Rodrigo\Documents\Saxion\Second_Year\Quartier_7\Engine\Engine\_vs2015\debug_dynamic_exe\BulletCollision.pdb'; linking object as if no debug info
BulletCollision.lib(btBvhTriangleMeshShape.obj) : warning LNK4099: PDB 'BulletCollision.pdb' was not found with 'BulletCollision.lib(btBvhTriangleMeshShape.obj)' or at 'C:\Users\Rodrigo\Documents\Saxion\Second_Year\Quartier_7\Engine\Engine\_vs2015\debug_dynamic_exe\BulletCollision.pdb'; linking object as if no debug info
BulletCollision.lib(btCollisionShape.obj) : warning LNK4099: PDB 'BulletCollision.pdb' was not found with 'BulletCollision.lib(btCollisionShape.obj)' or at 'C:\Users\Rodrigo\Documents\Saxion\Second_Year\Quartier_7\Engine\Engine\_vs2015\debug_dynamic_exe\BulletCollision.pdb'; linking object as if no debug info
BulletCollision.lib(btConcaveShape.obj) : warning LNK4099: PDB 'BulletCollision.pdb' was not found with 'BulletCollision.lib(btConcaveShape.obj)' or at 'C:\Users\Rodrigo\Documents\Saxion\Second_Year\Quartier_7\Engine\Engine\_vs2015\debug_dynamic_exe\BulletCollision.pdb'; linking object as if no debug info
BulletCollision.lib(btConvexInternalShape.obj) : warning LNK4099: PDB 'BulletCollision.pdb' was not found with 'BulletCollision.lib(btConvexInternalShape.obj)' or at 'C:\Users\Rodrigo\Documents\Saxion\Second_Year\Quartier_7\Engine\Engine\_vs2015\debug_dynamic_exe\BulletCollision.pdb'; linking object as if no debug info
BulletCollision.lib(btConvexPolyhedron.obj) : warning LNK4099: PDB 'BulletCollision.pdb' was not found with 'BulletCollision.lib(btConvexPolyhedron.obj)' or at 'C:\Users\Rodrigo\Documents\Saxion\Second_Year\Quartier_7\Engine\Engine\_vs2015\debug_dynamic_exe\BulletCollision.pdb'; linking object as if no debug info
BulletCollision.lib(btConvexShape.obj) : warning LNK4099: PDB 'BulletCollision.pdb' was not found with 'BulletCollision.lib(btConvexShape.obj)' or at 'C:\Users\Rodrigo\Documents\Saxion\Second_Year\Quartier_7\Engine\Engine\_vs2015\debug_dynamic_exe\BulletCollision.pdb'; linking object as if no debug info
BulletCollision.lib(btOptimizedBvh.obj) : warning LNK4099: PDB 'BulletCollision.pdb' was not found with 'BulletCollision.lib(btOptimizedBvh.obj)' or at 'C:\Users\Rodrigo\Documents\Saxion\Second_Year\Quartier_7\Engine\Engine\_vs2015\debug_dynamic_exe\BulletCollision.pdb'; linking object as if no debug info
BulletCollision.lib(btPolyhedralConvexShape.obj) : warning LNK4099: PDB 'BulletCollision.pdb' was not found with 'BulletCollision.lib(btPolyhedralConvexShape.obj)' or at 'C:\Users\Rodrigo\Documents\Saxion\Second_Year\Quartier_7\Engine\Engine\_vs2015\debug_dynamic_exe\BulletCollision.pdb'; linking object as if no debug info
BulletCollision.lib(btSphereShape.obj) : warning LNK4099: PDB 'BulletCollision.pdb' was not found with 'BulletCollision.lib(btSphereShape.obj)' or at 'C:\Users\Rodrigo\Documents\Saxion\Second_Year\Quartier_7\Engine\Engine\_vs2015\debug_dynamic_exe\BulletCollision.pdb'; linking object as if no debug info
BulletCollision.lib(btTriangleCallback.obj) : warning LNK4099: PDB 'BulletCollision.pdb' was not found with 'BulletCollision.lib(btTriangleCallback.obj)' or at 'C:\Users\Rodrigo\Documents\Saxion\Second_Year\Quartier_7\Engine\Engine\_vs2015\debug_dynamic_exe\BulletCollision.pdb'; linking object as if no debug info
BulletCollision.lib(btTriangleMeshShape.obj) : warning LNK4099: PDB 'BulletCollision.pdb' was not found with 'BulletCollision.lib(btTriangleMeshShape.obj)' or at 'C:\Users\Rodrigo\Documents\Saxion\Second_Year\Quartier_7\Engine\Engine\_vs2015\debug_dynamic_exe\BulletCollision.pdb'; linking object as if no debug info
BulletCollision.lib(btContinuousConvexCollision.obj) : warning LNK4099: PDB 'BulletCollision.pdb' was not found with 'BulletCollision.lib(btContinuousConvexCollision.obj)' or at 'C:\Users\Rodrigo\Documents\Saxion\Second_Year\Quartier_7\Engine\Engine\_vs2015\debug_dynamic_exe\BulletCollision.pdb'; linking object as if no debug info
BulletCollision.lib(btConvexCast.obj) : warning LNK4099: PDB 'BulletCollision.pdb' was not found with 'BulletCollision.lib(btConvexCast.obj)' or at 'C:\Users\Rodrigo\Documents\Saxion\Second_Year\Quartier_7\Engine\Engine\_vs2015\debug_dynamic_exe\BulletCollision.pdb'; linking object as if no debug info
BulletCollision.lib(btGjkConvexCast.obj) : warning LNK4099: PDB 'BulletCollision.pdb' was not found with 'BulletCollision.lib(btGjkConvexCast.obj)' or at 'C:\Users\Rodrigo\Documents\Saxion\Second_Year\Quartier_7\Engine\Engine\_vs2015\debug_dynamic_exe\BulletCollision.pdb'; linking object as if no debug info
BulletCollision.lib(btGjkEpa2.obj) : warning LNK4099: PDB 'BulletCollision.pdb' was not found with 'BulletCollision.lib(btGjkEpa2.obj)' or at 'C:\Users\Rodrigo\Documents\Saxion\Second_Year\Quartier_7\Engine\Engine\_vs2015\debug_dynamic_exe\BulletCollision.pdb'; linking object as if no debug info
BulletCollision.lib(btGjkEpaPenetrationDepthSolver.obj) : warning LNK4099: PDB 'BulletCollision.pdb' was not found with 'BulletCollision.lib(btGjkEpaPenetrationDepthSolver.obj)' or at 'C:\Users\Rodrigo\Documents\Saxion\Second_Year\Quartier_7\Engine\Engine\_vs2015\debug_dynamic_exe\BulletCollision.pdb'; linking object as if no debug info
BulletCollision.lib(btGjkPairDetector.obj) : warning LNK4099: PDB 'BulletCollision.pdb' was not found with 'BulletCollision.lib(btGjkPairDetector.obj)' or at 'C:\Users\Rodrigo\Documents\Saxion\Second_Year\Quartier_7\Engine\Engine\_vs2015\debug_dynamic_exe\BulletCollision.pdb'; linking object as if no debug info
BulletCollision.lib(btMinkowskiPenetrationDepthSolver.obj) : warning LNK4099: PDB 'BulletCollision.pdb' was not found with 'BulletCollision.lib(btMinkowskiPenetrationDepthSolver.obj)' or at 'C:\Users\Rodrigo\Documents\Saxion\Second_Year\Quartier_7\Engine\Engine\_vs2015\debug_dynamic_exe\BulletCollision.pdb'; linking object as if no debug info
BulletCollision.lib(btPersistentManifold.obj) : warning LNK4099: PDB 'BulletCollision.pdb' was not found with 'BulletCollision.lib(btPersistentManifold.obj)' or at 'C:\Users\Rodrigo\Documents\Saxion\Second_Year\Quartier_7\Engine\Engine\_vs2015\debug_dynamic_exe\BulletCollision.pdb'; linking object as if no debug info
BulletCollision.lib(btRaycastCallback.obj) : warning LNK4099: PDB 'BulletCollision.pdb' was not found with 'BulletCollision.lib(btRaycastCallback.obj)' or at 'C:\Users\Rodrigo\Documents\Saxion\Second_Year\Quartier_7\Engine\Engine\_vs2015\debug_dynamic_exe\BulletCollision.pdb'; linking object as if no debug info
BulletCollision.lib(btSubSimplexConvexCast.obj) : warning LNK4099: PDB 'BulletCollision.pdb' was not found with 'BulletCollision.lib(btSubSimplexConvexCast.obj)' or at 'C:\Users\Rodrigo\Documents\Saxion\Second_Year\Quartier_7\Engine\Engine\_vs2015\debug_dynamic_exe\BulletCollision.pdb'; linking object as if no debug info
BulletCollision.lib(btVoronoiSimplexSolver.obj) : warning LNK4099: PDB 'BulletCollision.pdb' was not found with 'BulletCollision.lib(btVoronoiSimplexSolver.obj)' or at 'C:\Users\Rodrigo\Documents\Saxion\Second_Year\Quartier_7\Engine\Engine\_vs2015\debug_dynamic_exe\BulletCollision.pdb'; linking object as if no debug info
BulletCollision.lib(btPolyhedralContactClipping.obj) : warning LNK4099: PDB 'BulletCollision.pdb' was not found with 'BulletCollision.lib(btPolyhedralContactClipping.obj)' or at 'C:\Users\Rodrigo\Documents\Saxion\Second_Year\Quartier_7\Engine\Engine\_vs2015\debug_dynamic_exe\BulletCollision.pdb'; linking object as if no debug info
LinearMath.lib(btAlignedAllocator.obj) : warning LNK4099: PDB 'LinearMath.pdb' was not found with 'LinearMath.lib(btAlignedAllocator.obj)' or at 'C:\Users\Rodrigo\Documents\Saxion\Second_Year\Quartier_7\Engine\Engine\_vs2015\debug_dynamic_exe\LinearMath.pdb'; linking object as if no debug info
LinearMath.lib(btConvexHullComputer.obj) : warning LNK4099: PDB 'LinearMath.pdb' was not found with 'LinearMath.lib(btConvexHullComputer.obj)' or at 'C:\Users\Rodrigo\Documents\Saxion\Second_Year\Quartier_7\Engine\Engine\_vs2015\debug_dynamic_exe\LinearMath.pdb'; linking object as if no debug info
LinearMath.lib(btGeometryUtil.obj) : warning LNK4099: PDB 'LinearMath.pdb' was not found with 'LinearMath.lib(btGeometryUtil.obj)' or at 'C:\Users\Rodrigo\Documents\Saxion\Second_Year\Quartier_7\Engine\Engine\_vs2015\debug_dynamic_exe\LinearMath.pdb'; linking object as if no debug info
LinearMath.lib(btQuickprof.obj) : warning LNK4099: PDB 'LinearMath.pdb' was not found with 'LinearMath.lib(btQuickprof.obj)' or at 'C:\Users\Rodrigo\Documents\Saxion\Second_Year\Quartier_7\Engine\Engine\_vs2015\debug_dynamic_exe\LinearMath.pdb'; linking object as if no debug info
LinearMath.lib(btVector3.obj) : warning LNK4099: PDB 'LinearMath.pdb' was not found with 'LinearMath.lib(btVector3.obj)' or at 'C:\Users\Rodrigo\Documents\Saxion\Second_Year\Quartier_7\Engine\Engine\_vs2015\debug_dynamic_exe\LinearMath.pdb'; linking object as if no debug info
  mge.vcxproj -> C:\Users\Rodrigo\Documents\Saxion\Second_Year\Quartier_7\Engine\Engine\_vs2015\debug_dynamic_exe/mge.exe
  mge.vcxproj -> debug_dynamic_exe/mge.pdb (Full PDB)
