glew32sd.lib(glew.obj) : warning LNK4099: PDB 'glew_static.pdb' was not found with 'glew32sd.lib(glew.obj)' or at 'C:\Users\Rodrigo\Documents\Saxion\Second_Year\Quartier_7\Engine\Engine\_vs2015\debug_static_exe\glew_static.pdb'; linking object as if no debug info
BulletDynamics.lib(btConeTwistConstraint.obj) : warning LNK4099: PDB 'BulletDynamics.pdb' was not found with 'BulletDynamics.lib(btConeTwistConstraint.obj)' or at 'C:\Users\Rodrigo\Documents\Saxion\Second_Year\Quartier_7\Engine\Engine\_vs2015\debug_static_exe\BulletDynamics.pdb'; linking object as if no debug info
BulletDynamics.lib(btGeneric6DofConstraint.obj) : warning LNK4099: PDB 'BulletDynamics.pdb' was not found with 'BulletDynamics.lib(btGeneric6DofConstraint.obj)' or at 'C:\Users\Rodrigo\Documents\Saxion\Second_Year\Quartier_7\Engine\Engine\_vs2015\debug_static_exe\BulletDynamics.pdb'; linking object as if no debug info
BulletDynamics.lib(btSequentialImpulseConstraintSolver.obj) : warning LNK4099: PDB 'BulletDynamics.pdb' was not found with 'BulletDynamics.lib(btSequentialImpulseConstraintSolver.obj)' or at 'C:\Users\Rodrigo\Documents\Saxion\Second_Year\Quartier_7\Engine\Engine\_vs2015\debug_static_exe\BulletDynamics.pdb'; linking object as if no debug info
BulletDynamics.lib(btTypedConstraint.obj) : warning LNK4099: PDB 'BulletDynamics.pdb' was not found with 'BulletDynamics.lib(btTypedConstraint.obj)' or at 'C:\Users\Rodrigo\Documents\Saxion\Second_Year\Quartier_7\Engine\Engine\_vs2015\debug_static_exe\BulletDynamics.pdb'; linking object as if no debug info
BulletDynamics.lib(btDiscreteDynamicsWorld.obj) : warning LNK4099: PDB 'BulletDynamics.pdb' was not found with 'BulletDynamics.lib(btDiscreteDynamicsWorld.obj)' or at 'C:\Users\Rodrigo\Documents\Saxion\Second_Year\Quartier_7\Engine\Engine\_vs2015\debug_static_exe\BulletDynamics.pdb'; linking object as if no debug info
BulletDynamics.lib(btRigidBody.obj) : warning LNK4099: PDB 'BulletDynamics.pdb' was not found with 'BulletDynamics.lib(btRigidBody.obj)' or at 'C:\Users\Rodrigo\Documents\Saxion\Second_Year\Quartier_7\Engine\Engine\_vs2015\debug_static_exe\BulletDynamics.pdb'; linking object as if no debug info
BulletCollision.lib(btCollisionAlgorithm.obj) : warning LNK4099: PDB 'BulletCollision.pdb' was not found with 'BulletCollision.lib(btCollisionAlgorithm.obj)' or at 'C:\Users\Rodrigo\Documents\Saxion\Second_Year\Quartier_7\Engine\Engine\_vs2015\debug_static_exe\BulletCollision.pdb'; linking object as if no debug info
BulletCollision.lib(btDbvt.obj) : warning LNK4099: PDB 'BulletCollision.pdb' was not found with 'BulletCollision.lib(btDbvt.obj)' or at 'C:\Users\Rodrigo\Documents\Saxion\Second_Year\Quartier_7\Engine\Engine\_vs2015\debug_static_exe\BulletCollision.pdb'; linking object as if no debug info
BulletCollision.lib(btDbvtBroadphase.obj) : warning LNK4099: PDB 'BulletCollision.pdb' was not found with 'BulletCollision.lib(btDbvtBroadphase.obj)' or at 'C:\Users\Rodrigo\Documents\Saxion\Second_Year\Quartier_7\Engine\Engine\_vs2015\debug_static_exe\BulletCollision.pdb'; linking object as if no debug info
BulletCollision.lib(btDispatcher.obj) : warning LNK4099: PDB 'BulletCollision.pdb' was not found with 'BulletCollision.lib(btDispatcher.obj)' or at 'C:\Users\Rodrigo\Documents\Saxion\Second_Year\Quartier_7\Engine\Engine\_vs2015\debug_static_exe\BulletCollision.pdb'; linking object as if no debug info
BulletCollision.lib(btOverlappingPairCache.obj) : warning LNK4099: PDB 'BulletCollision.pdb' was not found with 'BulletCollision.lib(btOverlappingPairCache.obj)' or at 'C:\Users\Rodrigo\Documents\Saxion\Second_Year\Quartier_7\Engine\Engine\_vs2015\debug_static_exe\BulletCollision.pdb'; linking object as if no debug info
BulletCollision.lib(btQuantizedBvh.obj) : warning LNK4099: PDB 'BulletCollision.pdb' was not found with 'BulletCollision.lib(btQuantizedBvh.obj)' or at 'C:\Users\Rodrigo\Documents\Saxion\Second_Year\Quartier_7\Engine\Engine\_vs2015\debug_static_exe\BulletCollision.pdb'; linking object as if no debug info
BulletCollision.lib(btActivatingCollisionAlgorithm.obj) : warning LNK4099: PDB 'BulletCollision.pdb' was not found with 'BulletCollision.lib(btActivatingCollisionAlgorithm.obj)' or at 'C:\Users\Rodrigo\Documents\Saxion\Second_Year\Quartier_7\Engine\Engine\_vs2015\debug_static_exe\BulletCollision.pdb'; linking object as if no debug info
BulletCollision.lib(btBoxBoxCollisionAlgorithm.obj) : warning LNK4099: PDB 'BulletCollision.pdb' was not found with 'BulletCollision.lib(btBoxBoxCollisionAlgorithm.obj)' or at 'C:\Users\Rodrigo\Documents\Saxion\Second_Year\Quartier_7\Engine\Engine\_vs2015\debug_static_exe\BulletCollision.pdb'; linking object as if no debug info
BulletCollision.lib(btBoxBoxDetector.obj) : warning LNK4099: PDB 'BulletCollision.pdb' was not found with 'BulletCollision.lib(btBoxBoxDetector.obj)' or at 'C:\Users\Rodrigo\Documents\Saxion\Second_Year\Quartier_7\Engine\Engine\_vs2015\debug_static_exe\BulletCollision.pdb'; linking object as if no debug info
BulletCollision.lib(btCollisionDispatcher.obj) : warning LNK4099: PDB 'BulletCollision.pdb' was not found with 'BulletCollision.lib(btCollisionDispatcher.obj)' or at 'C:\Users\Rodrigo\Documents\Saxion\Second_Year\Quartier_7\Engine\Engine\_vs2015\debug_static_exe\BulletCollision.pdb'; linking object as if no debug info
BulletCollision.lib(btCollisionObject.obj) : warning LNK4099: PDB 'BulletCollision.pdb' was not found with 'BulletCollision.lib(btCollisionObject.obj)' or at 'C:\Users\Rodrigo\Documents\Saxion\Second_Year\Quartier_7\Engine\Engine\_vs2015\debug_static_exe\BulletCollision.pdb'; linking object as if no debug info
BulletCollision.lib(btCollisionWorld.obj) : warning LNK4099: PDB 'BulletCollision.pdb' was not found with 'BulletCollision.lib(btCollisionWorld.obj)' or at 'C:\Users\Rodrigo\Documents\Saxion\Second_Year\Quartier_7\Engine\Engine\_vs2015\debug_static_exe\BulletCollision.pdb'; linking object as if no debug info
BulletCollision.lib(btCompoundCollisionAlgorithm.obj) : warning LNK4099: PDB 'BulletCollision.pdb' was not found with 'BulletCollision.lib(btCompoundCollisionAlgorithm.obj)' or at 'C:\Users\Rodrigo\Documents\Saxion\Second_Year\Quartier_7\Engine\Engine\_vs2015\debug_static_exe\BulletCollision.pdb'; linking object as if no debug info
BulletCollision.lib(btCompoundCompoundCollisionAlgorithm.obj) : warning LNK4099: PDB 'BulletCollision.pdb' was not found with 'BulletCollision.lib(btCompoundCompoundCollisionAlgorithm.obj)' or at 'C:\Users\Rodrigo\Documents\Saxion\Second_Year\Quartier_7\Engine\Engine\_vs2015\debug_static_exe\BulletCollision.pdb'; linking object as if no debug info
BulletCollision.lib(btConvexConcaveCollisionAlgorithm.obj) : warning LNK4099: PDB 'BulletCollision.pdb' was not found with 'BulletCollision.lib(btConvexConcaveCollisionAlgorithm.obj)' or at 'C:\Users\Rodrigo\Documents\Saxion\Second_Year\Quartier_7\Engine\Engine\_vs2015\debug_static_exe\BulletCollision.pdb'; linking object as if no debug info
BulletCollision.lib(btConvexConvexAlgorithm.obj) : warning LNK4099: PDB 'BulletCollision.pdb' was not found with 'BulletCollision.lib(btConvexConvexAlgorithm.obj)' or at 'C:\Users\Rodrigo\Documents\Saxion\Second_Year\Quartier_7\Engine\Engine\_vs2015\debug_static_exe\BulletCollision.pdb'; linking object as if no debug info
BulletCollision.lib(btConvexPlaneCollisionAlgorithm.obj) : warning LNK4099: PDB 'BulletCollision.pdb' was not found with 'BulletCollision.lib(btConvexPlaneCollisionAlgorithm.obj)' or at 'C:\Users\Rodrigo\Documents\Saxion\Second_Year\Quartier_7\Engine\Engine\_vs2015\debug_static_exe\BulletCollision.pdb'; linking object as if no debug info
BulletCollision.lib(btDefaultCollisionConfiguration.obj) : warning LNK4099: PDB 'BulletCollision.pdb' was not found with 'BulletCollision.lib(btDefaultCollisionConfiguration.obj)' or at 'C:\Users\Rodrigo\Documents\Saxion\Second_Year\Quartier_7\Engine\Engine\_vs2015\debug_static_exe\BulletCollision.pdb'; linking object as if no debug info
BulletCollision.lib(btEmptyCollisionAlgorithm.obj) : warning LNK4099: PDB 'BulletCollision.pdb' was not found with 'BulletCollision.lib(btEmptyCollisionAlgorithm.obj)' or at 'C:\Users\Rodrigo\Documents\Saxion\Second_Year\Quartier_7\Engine\Engine\_vs2015\debug_static_exe\BulletCollision.pdb'; linking object as if no debug info
BulletCollision.lib(btHashedSimplePairCache.obj) : warning LNK4099: PDB 'BulletCollision.pdb' was not found with 'BulletCollision.lib(btHashedSimplePairCache.obj)' or at 'C:\Users\Rodrigo\Documents\Saxion\Second_Year\Quartier_7\Engine\Engine\_vs2015\debug_static_exe\BulletCollision.pdb'; linking object as if no debug info
BulletCollision.lib(btManifoldResult.obj) : warning LNK4099: PDB 'BulletCollision.pdb' was not found with 'BulletCollision.lib(btManifoldResult.obj)' or at 'C:\Users\Rodrigo\Documents\Saxion\Second_Year\Quartier_7\Engine\Engine\_vs2015\debug_static_exe\BulletCollision.pdb'; linking object as if no debug info
BulletCollision.lib(btSimulationIslandManager.obj) : warning LNK4099: PDB 'BulletCollision.pdb' was not found with 'BulletCollision.lib(btSimulationIslandManager.obj)' or at 'C:\Users\Rodrigo\Documents\Saxion\Second_Year\Quartier_7\Engine\Engine\_vs2015\debug_static_exe\BulletCollision.pdb'; linking object as if no debug info
BulletCollision.lib(btSphereSphereCollisionAlgorithm.obj) : warning LNK4099: PDB 'BulletCollision.pdb' was not found with 'BulletCollision.lib(btSphereSphereCollisionAlgorithm.obj)' or at 'C:\Users\Rodrigo\Documents\Saxion\Second_Year\Quartier_7\Engine\Engine\_vs2015\debug_static_exe\BulletCollision.pdb'; linking object as if no debug info
BulletCollision.lib(btSphereTriangleCollisionAlgorithm.obj) : warning LNK4099: PDB 'BulletCollision.pdb' was not found with 'BulletCollision.lib(btSphereTriangleCollisionAlgorithm.obj)' or at 'C:\Users\Rodrigo\Documents\Saxion\Second_Year\Quartier_7\Engine\Engine\_vs2015\debug_static_exe\BulletCollision.pdb'; linking object as if no debug info
BulletCollision.lib(btUnionFind.obj) : warning LNK4099: PDB 'BulletCollision.pdb' was not found with 'BulletCollision.lib(btUnionFind.obj)' or at 'C:\Users\Rodrigo\Documents\Saxion\Second_Year\Quartier_7\Engine\Engine\_vs2015\debug_static_exe\BulletCollision.pdb'; linking object as if no debug info
BulletCollision.lib(SphereTriangleDetector.obj) : warning LNK4099: PDB 'BulletCollision.pdb' was not found with 'BulletCollision.lib(SphereTriangleDetector.obj)' or at 'C:\Users\Rodrigo\Documents\Saxion\Second_Year\Quartier_7\Engine\Engine\_vs2015\debug_static_exe\BulletCollision.pdb'; linking object as if no debug info
BulletCollision.lib(btBoxShape.obj) : warning LNK4099: PDB 'BulletCollision.pdb' was not found with 'BulletCollision.lib(btBoxShape.obj)' or at 'C:\Users\Rodrigo\Documents\Saxion\Second_Year\Quartier_7\Engine\Engine\_vs2015\debug_static_exe\BulletCollision.pdb'; linking object as if no debug info
BulletCollision.lib(btBvhTriangleMeshShape.obj) : warning LNK4099: PDB 'BulletCollision.pdb' was not found with 'BulletCollision.lib(btBvhTriangleMeshShape.obj)' or at 'C:\Users\Rodrigo\Documents\Saxion\Second_Year\Quartier_7\Engine\Engine\_vs2015\debug_static_exe\BulletCollision.pdb'; linking object as if no debug info
BulletCollision.lib(btCollisionShape.obj) : warning LNK4099: PDB 'BulletCollision.pdb' was not found with 'BulletCollision.lib(btCollisionShape.obj)' or at 'C:\Users\Rodrigo\Documents\Saxion\Second_Year\Quartier_7\Engine\Engine\_vs2015\debug_static_exe\BulletCollision.pdb'; linking object as if no debug info
BulletCollision.lib(btConcaveShape.obj) : warning LNK4099: PDB 'BulletCollision.pdb' was not found with 'BulletCollision.lib(btConcaveShape.obj)' or at 'C:\Users\Rodrigo\Documents\Saxion\Second_Year\Quartier_7\Engine\Engine\_vs2015\debug_static_exe\BulletCollision.pdb'; linking object as if no debug info
BulletCollision.lib(btConvexInternalShape.obj) : warning LNK4099: PDB 'BulletCollision.pdb' was not found with 'BulletCollision.lib(btConvexInternalShape.obj)' or at 'C:\Users\Rodrigo\Documents\Saxion\Second_Year\Quartier_7\Engine\Engine\_vs2015\debug_static_exe\BulletCollision.pdb'; linking object as if no debug info
BulletCollision.lib(btConvexPolyhedron.obj) : warning LNK4099: PDB 'BulletCollision.pdb' was not found with 'BulletCollision.lib(btConvexPolyhedron.obj)' or at 'C:\Users\Rodrigo\Documents\Saxion\Second_Year\Quartier_7\Engine\Engine\_vs2015\debug_static_exe\BulletCollision.pdb'; linking object as if no debug info
BulletCollision.lib(btConvexShape.obj) : warning LNK4099: PDB 'BulletCollision.pdb' was not found with 'BulletCollision.lib(btConvexShape.obj)' or at 'C:\Users\Rodrigo\Documents\Saxion\Second_Year\Quartier_7\Engine\Engine\_vs2015\debug_static_exe\BulletCollision.pdb'; linking object as if no debug info
BulletCollision.lib(btOptimizedBvh.obj) : warning LNK4099: PDB 'BulletCollision.pdb' was not found with 'BulletCollision.lib(btOptimizedBvh.obj)' or at 'C:\Users\Rodrigo\Documents\Saxion\Second_Year\Quartier_7\Engine\Engine\_vs2015\debug_static_exe\BulletCollision.pdb'; linking object as if no debug info
BulletCollision.lib(btPolyhedralConvexShape.obj) : warning LNK4099: PDB 'BulletCollision.pdb' was not found with 'BulletCollision.lib(btPolyhedralConvexShape.obj)' or at 'C:\Users\Rodrigo\Documents\Saxion\Second_Year\Quartier_7\Engine\Engine\_vs2015\debug_static_exe\BulletCollision.pdb'; linking object as if no debug info
BulletCollision.lib(btSphereShape.obj) : warning LNK4099: PDB 'BulletCollision.pdb' was not found with 'BulletCollision.lib(btSphereShape.obj)' or at 'C:\Users\Rodrigo\Documents\Saxion\Second_Year\Quartier_7\Engine\Engine\_vs2015\debug_static_exe\BulletCollision.pdb'; linking object as if no debug info
BulletCollision.lib(btTriangleCallback.obj) : warning LNK4099: PDB 'BulletCollision.pdb' was not found with 'BulletCollision.lib(btTriangleCallback.obj)' or at 'C:\Users\Rodrigo\Documents\Saxion\Second_Year\Quartier_7\Engine\Engine\_vs2015\debug_static_exe\BulletCollision.pdb'; linking object as if no debug info
BulletCollision.lib(btTriangleMeshShape.obj) : warning LNK4099: PDB 'BulletCollision.pdb' was not found with 'BulletCollision.lib(btTriangleMeshShape.obj)' or at 'C:\Users\Rodrigo\Documents\Saxion\Second_Year\Quartier_7\Engine\Engine\_vs2015\debug_static_exe\BulletCollision.pdb'; linking object as if no debug info
BulletCollision.lib(btContinuousConvexCollision.obj) : warning LNK4099: PDB 'BulletCollision.pdb' was not found with 'BulletCollision.lib(btContinuousConvexCollision.obj)' or at 'C:\Users\Rodrigo\Documents\Saxion\Second_Year\Quartier_7\Engine\Engine\_vs2015\debug_static_exe\BulletCollision.pdb'; linking object as if no debug info
BulletCollision.lib(btConvexCast.obj) : warning LNK4099: PDB 'BulletCollision.pdb' was not found with 'BulletCollision.lib(btConvexCast.obj)' or at 'C:\Users\Rodrigo\Documents\Saxion\Second_Year\Quartier_7\Engine\Engine\_vs2015\debug_static_exe\BulletCollision.pdb'; linking object as if no debug info
BulletCollision.lib(btGjkConvexCast.obj) : warning LNK4099: PDB 'BulletCollision.pdb' was not found with 'BulletCollision.lib(btGjkConvexCast.obj)' or at 'C:\Users\Rodrigo\Documents\Saxion\Second_Year\Quartier_7\Engine\Engine\_vs2015\debug_static_exe\BulletCollision.pdb'; linking object as if no debug info
BulletCollision.lib(btGjkEpa2.obj) : warning LNK4099: PDB 'BulletCollision.pdb' was not found with 'BulletCollision.lib(btGjkEpa2.obj)' or at 'C:\Users\Rodrigo\Documents\Saxion\Second_Year\Quartier_7\Engine\Engine\_vs2015\debug_static_exe\BulletCollision.pdb'; linking object as if no debug info
BulletCollision.lib(btGjkEpaPenetrationDepthSolver.obj) : warning LNK4099: PDB 'BulletCollision.pdb' was not found with 'BulletCollision.lib(btGjkEpaPenetrationDepthSolver.obj)' or at 'C:\Users\Rodrigo\Documents\Saxion\Second_Year\Quartier_7\Engine\Engine\_vs2015\debug_static_exe\BulletCollision.pdb'; linking object as if no debug info
BulletCollision.lib(btGjkPairDetector.obj) : warning LNK4099: PDB 'BulletCollision.pdb' was not found with 'BulletCollision.lib(btGjkPairDetector.obj)' or at 'C:\Users\Rodrigo\Documents\Saxion\Second_Year\Quartier_7\Engine\Engine\_vs2015\debug_static_exe\BulletCollision.pdb'; linking object as if no debug info
BulletCollision.lib(btMinkowskiPenetrationDepthSolver.obj) : warning LNK4099: PDB 'BulletCollision.pdb' was not found with 'BulletCollision.lib(btMinkowskiPenetrationDepthSolver.obj)' or at 'C:\Users\Rodrigo\Documents\Saxion\Second_Year\Quartier_7\Engine\Engine\_vs2015\debug_static_exe\BulletCollision.pdb'; linking object as if no debug info
BulletCollision.lib(btPersistentManifold.obj) : warning LNK4099: PDB 'BulletCollision.pdb' was not found with 'BulletCollision.lib(btPersistentManifold.obj)' or at 'C:\Users\Rodrigo\Documents\Saxion\Second_Year\Quartier_7\Engine\Engine\_vs2015\debug_static_exe\BulletCollision.pdb'; linking object as if no debug info
BulletCollision.lib(btRaycastCallback.obj) : warning LNK4099: PDB 'BulletCollision.pdb' was not found with 'BulletCollision.lib(btRaycastCallback.obj)' or at 'C:\Users\Rodrigo\Documents\Saxion\Second_Year\Quartier_7\Engine\Engine\_vs2015\debug_static_exe\BulletCollision.pdb'; linking object as if no debug info
BulletCollision.lib(btSubSimplexConvexCast.obj) : warning LNK4099: PDB 'BulletCollision.pdb' was not found with 'BulletCollision.lib(btSubSimplexConvexCast.obj)' or at 'C:\Users\Rodrigo\Documents\Saxion\Second_Year\Quartier_7\Engine\Engine\_vs2015\debug_static_exe\BulletCollision.pdb'; linking object as if no debug info
BulletCollision.lib(btVoronoiSimplexSolver.obj) : warning LNK4099: PDB 'BulletCollision.pdb' was not found with 'BulletCollision.lib(btVoronoiSimplexSolver.obj)' or at 'C:\Users\Rodrigo\Documents\Saxion\Second_Year\Quartier_7\Engine\Engine\_vs2015\debug_static_exe\BulletCollision.pdb'; linking object as if no debug info
BulletCollision.lib(btPolyhedralContactClipping.obj) : warning LNK4099: PDB 'BulletCollision.pdb' was not found with 'BulletCollision.lib(btPolyhedralContactClipping.obj)' or at 'C:\Users\Rodrigo\Documents\Saxion\Second_Year\Quartier_7\Engine\Engine\_vs2015\debug_static_exe\BulletCollision.pdb'; linking object as if no debug info
LinearMath.lib(btAlignedAllocator.obj) : warning LNK4099: PDB 'LinearMath.pdb' was not found with 'LinearMath.lib(btAlignedAllocator.obj)' or at 'C:\Users\Rodrigo\Documents\Saxion\Second_Year\Quartier_7\Engine\Engine\_vs2015\debug_static_exe\LinearMath.pdb'; linking object as if no debug info
LinearMath.lib(btConvexHullComputer.obj) : warning LNK4099: PDB 'LinearMath.pdb' was not found with 'LinearMath.lib(btConvexHullComputer.obj)' or at 'C:\Users\Rodrigo\Documents\Saxion\Second_Year\Quartier_7\Engine\Engine\_vs2015\debug_static_exe\LinearMath.pdb'; linking object as if no debug info
LinearMath.lib(btGeometryUtil.obj) : warning LNK4099: PDB 'LinearMath.pdb' was not found with 'LinearMath.lib(btGeometryUtil.obj)' or at 'C:\Users\Rodrigo\Documents\Saxion\Second_Year\Quartier_7\Engine\Engine\_vs2015\debug_static_exe\LinearMath.pdb'; linking object as if no debug info
LinearMath.lib(btQuickprof.obj) : warning LNK4099: PDB 'LinearMath.pdb' was not found with 'LinearMath.lib(btQuickprof.obj)' or at 'C:\Users\Rodrigo\Documents\Saxion\Second_Year\Quartier_7\Engine\Engine\_vs2015\debug_static_exe\LinearMath.pdb'; linking object as if no debug info
LinearMath.lib(btVector3.obj) : warning LNK4099: PDB 'LinearMath.pdb' was not found with 'LinearMath.lib(btVector3.obj)' or at 'C:\Users\Rodrigo\Documents\Saxion\Second_Year\Quartier_7\Engine\Engine\_vs2015\debug_static_exe\LinearMath.pdb'; linking object as if no debug info
tgui-s-d.lib(Animation.obj) : warning LNK4099: PDB 'tgui.pdb' was not found with 'tgui-s-d.lib(Animation.obj)' or at 'C:\Users\Rodrigo\Documents\Saxion\Second_Year\Quartier_7\Engine\Engine\_vs2015\debug_static_exe\tgui.pdb'; linking object as if no debug info
tgui-s-d.lib(BoxLayout.obj) : warning LNK4099: PDB 'tgui.pdb' was not found with 'tgui-s-d.lib(BoxLayout.obj)' or at 'C:\Users\Rodrigo\Documents\Saxion\Second_Year\Quartier_7\Engine\Engine\_vs2015\debug_static_exe\tgui.pdb'; linking object as if no debug info
tgui-s-d.lib(Clipboard.obj) : warning LNK4099: PDB 'tgui.pdb' was not found with 'tgui-s-d.lib(Clipboard.obj)' or at 'C:\Users\Rodrigo\Documents\Saxion\Second_Year\Quartier_7\Engine\Engine\_vs2015\debug_static_exe\tgui.pdb'; linking object as if no debug info
tgui-s-d.lib(Color.obj) : warning LNK4099: PDB 'tgui.pdb' was not found with 'tgui-s-d.lib(Color.obj)' or at 'C:\Users\Rodrigo\Documents\Saxion\Second_Year\Quartier_7\Engine\Engine\_vs2015\debug_static_exe\tgui.pdb'; linking object as if no debug info
tgui-s-d.lib(Container.obj) : warning LNK4099: PDB 'tgui.pdb' was not found with 'tgui-s-d.lib(Container.obj)' or at 'C:\Users\Rodrigo\Documents\Saxion\Second_Year\Quartier_7\Engine\Engine\_vs2015\debug_static_exe\tgui.pdb'; linking object as if no debug info
tgui-s-d.lib(Font.obj) : warning LNK4099: PDB 'tgui.pdb' was not found with 'tgui-s-d.lib(Font.obj)' or at 'C:\Users\Rodrigo\Documents\Saxion\Second_Year\Quartier_7\Engine\Engine\_vs2015\debug_static_exe\tgui.pdb'; linking object as if no debug info
tgui-s-d.lib(Global.obj) : warning LNK4099: PDB 'tgui.pdb' was not found with 'tgui-s-d.lib(Global.obj)' or at 'C:\Users\Rodrigo\Documents\Saxion\Second_Year\Quartier_7\Engine\Engine\_vs2015\debug_static_exe\tgui.pdb'; linking object as if no debug info
tgui-s-d.lib(Gui.obj) : warning LNK4099: PDB 'tgui.pdb' was not found with 'tgui-s-d.lib(Gui.obj)' or at 'C:\Users\Rodrigo\Documents\Saxion\Second_Year\Quartier_7\Engine\Engine\_vs2015\debug_static_exe\tgui.pdb'; linking object as if no debug info
tgui-s-d.lib(HorizontalLayout.obj) : warning LNK4099: PDB 'tgui.pdb' was not found with 'tgui-s-d.lib(HorizontalLayout.obj)' or at 'C:\Users\Rodrigo\Documents\Saxion\Second_Year\Quartier_7\Engine\Engine\_vs2015\debug_static_exe\tgui.pdb'; linking object as if no debug info
tgui-s-d.lib(Layout.obj) : warning LNK4099: PDB 'tgui.pdb' was not found with 'tgui-s-d.lib(Layout.obj)' or at 'C:\Users\Rodrigo\Documents\Saxion\Second_Year\Quartier_7\Engine\Engine\_vs2015\debug_static_exe\tgui.pdb'; linking object as if no debug info
tgui-s-d.lib(Signal.obj) : warning LNK4099: PDB 'tgui.pdb' was not found with 'tgui-s-d.lib(Signal.obj)' or at 'C:\Users\Rodrigo\Documents\Saxion\Second_Year\Quartier_7\Engine\Engine\_vs2015\debug_static_exe\tgui.pdb'; linking object as if no debug info
tgui-s-d.lib(Texture.obj) : warning LNK4099: PDB 'tgui.pdb' was not found with 'tgui-s-d.lib(Texture.obj)' or at 'C:\Users\Rodrigo\Documents\Saxion\Second_Year\Quartier_7\Engine\Engine\_vs2015\debug_static_exe\tgui.pdb'; linking object as if no debug info
tgui-s-d.lib(TextureManager.obj) : warning LNK4099: PDB 'tgui.pdb' was not found with 'tgui-s-d.lib(TextureManager.obj)' or at 'C:\Users\Rodrigo\Documents\Saxion\Second_Year\Quartier_7\Engine\Engine\_vs2015\debug_static_exe\tgui.pdb'; linking object as if no debug info
tgui-s-d.lib(Transformable.obj) : warning LNK4099: PDB 'tgui.pdb' was not found with 'tgui-s-d.lib(Transformable.obj)' or at 'C:\Users\Rodrigo\Documents\Saxion\Second_Year\Quartier_7\Engine\Engine\_vs2015\debug_static_exe\tgui.pdb'; linking object as if no debug info
tgui-s-d.lib(Widget.obj) : warning LNK4099: PDB 'tgui.pdb' was not found with 'tgui-s-d.lib(Widget.obj)' or at 'C:\Users\Rodrigo\Documents\Saxion\Second_Year\Quartier_7\Engine\Engine\_vs2015\debug_static_exe\tgui.pdb'; linking object as if no debug info
tgui-s-d.lib(DataIO.obj) : warning LNK4099: PDB 'tgui.pdb' was not found with 'tgui-s-d.lib(DataIO.obj)' or at 'C:\Users\Rodrigo\Documents\Saxion\Second_Year\Quartier_7\Engine\Engine\_vs2015\debug_static_exe\tgui.pdb'; linking object as if no debug info
tgui-s-d.lib(Deserializer.obj) : warning LNK4099: PDB 'tgui.pdb' was not found with 'tgui-s-d.lib(Deserializer.obj)' or at 'C:\Users\Rodrigo\Documents\Saxion\Second_Year\Quartier_7\Engine\Engine\_vs2015\debug_static_exe\tgui.pdb'; linking object as if no debug info
tgui-s-d.lib(ObjectConverter.obj) : warning LNK4099: PDB 'tgui.pdb' was not found with 'tgui-s-d.lib(ObjectConverter.obj)' or at 'C:\Users\Rodrigo\Documents\Saxion\Second_Year\Quartier_7\Engine\Engine\_vs2015\debug_static_exe\tgui.pdb'; linking object as if no debug info
tgui-s-d.lib(Serializer.obj) : warning LNK4099: PDB 'tgui.pdb' was not found with 'tgui-s-d.lib(Serializer.obj)' or at 'C:\Users\Rodrigo\Documents\Saxion\Second_Year\Quartier_7\Engine\Engine\_vs2015\debug_static_exe\tgui.pdb'; linking object as if no debug info
tgui-s-d.lib(Theme.obj) : warning LNK4099: PDB 'tgui.pdb' was not found with 'tgui-s-d.lib(Theme.obj)' or at 'C:\Users\Rodrigo\Documents\Saxion\Second_Year\Quartier_7\Engine\Engine\_vs2015\debug_static_exe\tgui.pdb'; linking object as if no debug info
tgui-s-d.lib(ThemeLoader.obj) : warning LNK4099: PDB 'tgui.pdb' was not found with 'tgui-s-d.lib(ThemeLoader.obj)' or at 'C:\Users\Rodrigo\Documents\Saxion\Second_Year\Quartier_7\Engine\Engine\_vs2015\debug_static_exe\tgui.pdb'; linking object as if no debug info
tgui-s-d.lib(WidgetConverter.obj) : warning LNK4099: PDB 'tgui.pdb' was not found with 'tgui-s-d.lib(WidgetConverter.obj)' or at 'C:\Users\Rodrigo\Documents\Saxion\Second_Year\Quartier_7\Engine\Engine\_vs2015\debug_static_exe\tgui.pdb'; linking object as if no debug info
tgui-s-d.lib(WidgetLoader.obj) : warning LNK4099: PDB 'tgui.pdb' was not found with 'tgui-s-d.lib(WidgetLoader.obj)' or at 'C:\Users\Rodrigo\Documents\Saxion\Second_Year\Quartier_7\Engine\Engine\_vs2015\debug_static_exe\tgui.pdb'; linking object as if no debug info
tgui-s-d.lib(WidgetSaver.obj) : warning LNK4099: PDB 'tgui.pdb' was not found with 'tgui-s-d.lib(WidgetSaver.obj)' or at 'C:\Users\Rodrigo\Documents\Saxion\Second_Year\Quartier_7\Engine\Engine\_vs2015\debug_static_exe\tgui.pdb'; linking object as if no debug info
tgui-s-d.lib(Button.obj) : warning LNK4099: PDB 'tgui.pdb' was not found with 'tgui-s-d.lib(Button.obj)' or at 'C:\Users\Rodrigo\Documents\Saxion\Second_Year\Quartier_7\Engine\Engine\_vs2015\debug_static_exe\tgui.pdb'; linking object as if no debug info
tgui-s-d.lib(Canvas.obj) : warning LNK4099: PDB 'tgui.pdb' was not found with 'tgui-s-d.lib(Canvas.obj)' or at 'C:\Users\Rodrigo\Documents\Saxion\Second_Year\Quartier_7\Engine\Engine\_vs2015\debug_static_exe\tgui.pdb'; linking object as if no debug info
tgui-s-d.lib(ChatBox.obj) : warning LNK4099: PDB 'tgui.pdb' was not found with 'tgui-s-d.lib(ChatBox.obj)' or at 'C:\Users\Rodrigo\Documents\Saxion\Second_Year\Quartier_7\Engine\Engine\_vs2015\debug_static_exe\tgui.pdb'; linking object as if no debug info
tgui-s-d.lib(CheckBox.obj) : warning LNK4099: PDB 'tgui.pdb' was not found with 'tgui-s-d.lib(CheckBox.obj)' or at 'C:\Users\Rodrigo\Documents\Saxion\Second_Year\Quartier_7\Engine\Engine\_vs2015\debug_static_exe\tgui.pdb'; linking object as if no debug info
tgui-s-d.lib(ChildWindow.obj) : warning LNK4099: PDB 'tgui.pdb' was not found with 'tgui-s-d.lib(ChildWindow.obj)' or at 'C:\Users\Rodrigo\Documents\Saxion\Second_Year\Quartier_7\Engine\Engine\_vs2015\debug_static_exe\tgui.pdb'; linking object as if no debug info
tgui-s-d.lib(ClickableWidget.obj) : warning LNK4099: PDB 'tgui.pdb' was not found with 'tgui-s-d.lib(ClickableWidget.obj)' or at 'C:\Users\Rodrigo\Documents\Saxion\Second_Year\Quartier_7\Engine\Engine\_vs2015\debug_static_exe\tgui.pdb'; linking object as if no debug info
tgui-s-d.lib(ComboBox.obj) : warning LNK4099: PDB 'tgui.pdb' was not found with 'tgui-s-d.lib(ComboBox.obj)' or at 'C:\Users\Rodrigo\Documents\Saxion\Second_Year\Quartier_7\Engine\Engine\_vs2015\debug_static_exe\tgui.pdb'; linking object as if no debug info
tgui-s-d.lib(EditBox.obj) : warning LNK4099: PDB 'tgui.pdb' was not found with 'tgui-s-d.lib(EditBox.obj)' or at 'C:\Users\Rodrigo\Documents\Saxion\Second_Year\Quartier_7\Engine\Engine\_vs2015\debug_static_exe\tgui.pdb'; linking object as if no debug info
tgui-s-d.lib(Knob.obj) : warning LNK4099: PDB 'tgui.pdb' was not found with 'tgui-s-d.lib(Knob.obj)' or at 'C:\Users\Rodrigo\Documents\Saxion\Second_Year\Quartier_7\Engine\Engine\_vs2015\debug_static_exe\tgui.pdb'; linking object as if no debug info
tgui-s-d.lib(Label.obj) : warning LNK4099: PDB 'tgui.pdb' was not found with 'tgui-s-d.lib(Label.obj)' or at 'C:\Users\Rodrigo\Documents\Saxion\Second_Year\Quartier_7\Engine\Engine\_vs2015\debug_static_exe\tgui.pdb'; linking object as if no debug info
tgui-s-d.lib(ListBox.obj) : warning LNK4099: PDB 'tgui.pdb' was not found with 'tgui-s-d.lib(ListBox.obj)' or at 'C:\Users\Rodrigo\Documents\Saxion\Second_Year\Quartier_7\Engine\Engine\_vs2015\debug_static_exe\tgui.pdb'; linking object as if no debug info
tgui-s-d.lib(MenuBar.obj) : warning LNK4099: PDB 'tgui.pdb' was not found with 'tgui-s-d.lib(MenuBar.obj)' or at 'C:\Users\Rodrigo\Documents\Saxion\Second_Year\Quartier_7\Engine\Engine\_vs2015\debug_static_exe\tgui.pdb'; linking object as if no debug info
tgui-s-d.lib(MessageBox.obj) : warning LNK4099: PDB 'tgui.pdb' was not found with 'tgui-s-d.lib(MessageBox.obj)' or at 'C:\Users\Rodrigo\Documents\Saxion\Second_Year\Quartier_7\Engine\Engine\_vs2015\debug_static_exe\tgui.pdb'; linking object as if no debug info
tgui-s-d.lib(Panel.obj) : warning LNK4099: PDB 'tgui.pdb' was not found with 'tgui-s-d.lib(Panel.obj)' or at 'C:\Users\Rodrigo\Documents\Saxion\Second_Year\Quartier_7\Engine\Engine\_vs2015\debug_static_exe\tgui.pdb'; linking object as if no debug info
tgui-s-d.lib(Picture.obj) : warning LNK4099: PDB 'tgui.pdb' was not found with 'tgui-s-d.lib(Picture.obj)' or at 'C:\Users\Rodrigo\Documents\Saxion\Second_Year\Quartier_7\Engine\Engine\_vs2015\debug_static_exe\tgui.pdb'; linking object as if no debug info
tgui-s-d.lib(ProgressBar.obj) : warning LNK4099: PDB 'tgui.pdb' was not found with 'tgui-s-d.lib(ProgressBar.obj)' or at 'C:\Users\Rodrigo\Documents\Saxion\Second_Year\Quartier_7\Engine\Engine\_vs2015\debug_static_exe\tgui.pdb'; linking object as if no debug info
tgui-s-d.lib(RadioButton.obj) : warning LNK4099: PDB 'tgui.pdb' was not found with 'tgui-s-d.lib(RadioButton.obj)' or at 'C:\Users\Rodrigo\Documents\Saxion\Second_Year\Quartier_7\Engine\Engine\_vs2015\debug_static_exe\tgui.pdb'; linking object as if no debug info
tgui-s-d.lib(Scrollbar.obj) : warning LNK4099: PDB 'tgui.pdb' was not found with 'tgui-s-d.lib(Scrollbar.obj)' or at 'C:\Users\Rodrigo\Documents\Saxion\Second_Year\Quartier_7\Engine\Engine\_vs2015\debug_static_exe\tgui.pdb'; linking object as if no debug info
tgui-s-d.lib(Slider.obj) : warning LNK4099: PDB 'tgui.pdb' was not found with 'tgui-s-d.lib(Slider.obj)' or at 'C:\Users\Rodrigo\Documents\Saxion\Second_Year\Quartier_7\Engine\Engine\_vs2015\debug_static_exe\tgui.pdb'; linking object as if no debug info
tgui-s-d.lib(SpinButton.obj) : warning LNK4099: PDB 'tgui.pdb' was not found with 'tgui-s-d.lib(SpinButton.obj)' or at 'C:\Users\Rodrigo\Documents\Saxion\Second_Year\Quartier_7\Engine\Engine\_vs2015\debug_static_exe\tgui.pdb'; linking object as if no debug info
tgui-s-d.lib(Tab.obj) : warning LNK4099: PDB 'tgui.pdb' was not found with 'tgui-s-d.lib(Tab.obj)' or at 'C:\Users\Rodrigo\Documents\Saxion\Second_Year\Quartier_7\Engine\Engine\_vs2015\debug_static_exe\tgui.pdb'; linking object as if no debug info
tgui-s-d.lib(TextBox.obj) : warning LNK4099: PDB 'tgui.pdb' was not found with 'tgui-s-d.lib(TextBox.obj)' or at 'C:\Users\Rodrigo\Documents\Saxion\Second_Year\Quartier_7\Engine\Engine\_vs2015\debug_static_exe\tgui.pdb'; linking object as if no debug info
tgui-s-d.lib(ToolTip.obj) : warning LNK4099: PDB 'tgui.pdb' was not found with 'tgui-s-d.lib(ToolTip.obj)' or at 'C:\Users\Rodrigo\Documents\Saxion\Second_Year\Quartier_7\Engine\Engine\_vs2015\debug_static_exe\tgui.pdb'; linking object as if no debug info
tgui-s-d.lib(TableItem.obj) : warning LNK4099: PDB 'tgui.pdb' was not found with 'tgui-s-d.lib(TableItem.obj)' or at 'C:\Users\Rodrigo\Documents\Saxion\Second_Year\Quartier_7\Engine\Engine\_vs2015\debug_static_exe\tgui.pdb'; linking object as if no debug info
tgui-s-d.lib(TableRow.obj) : warning LNK4099: PDB 'tgui.pdb' was not found with 'tgui-s-d.lib(TableRow.obj)' or at 'C:\Users\Rodrigo\Documents\Saxion\Second_Year\Quartier_7\Engine\Engine\_vs2015\debug_static_exe\tgui.pdb'; linking object as if no debug info
tgui-s-d.lib(Table.obj) : warning LNK4099: PDB 'tgui.pdb' was not found with 'tgui-s-d.lib(Table.obj)' or at 'C:\Users\Rodrigo\Documents\Saxion\Second_Year\Quartier_7\Engine\Engine\_vs2015\debug_static_exe\tgui.pdb'; linking object as if no debug info
  mge.vcxproj -> C:\Users\Rodrigo\Documents\Saxion\Second_Year\Quartier_7\Engine\Engine\_vs2015\debug_static_exe/mge.exe
  mge.vcxproj -> debug_static_exe/mge.pdb (Full PDB)
