c:\users\rodrigo\documents\saxion\second_year\quartier_7\engine\engine\_vs2015\release_static_build\vc140.pdb
c:\users\rodrigo\documents\saxion\second_year\quartier_7\engine\engine\_vs2015\release_static_build\debughud.obj
c:\users\rodrigo\documents\saxion\second_year\quartier_7\engine\engine\_vs2015\release_static_build\mgedemo.obj
c:\users\rodrigo\documents\saxion\second_year\quartier_7\engine\engine\_vs2015\release_static_build\texturematerial.obj
c:\users\rodrigo\documents\saxion\second_year\quartier_7\engine\engine\_vs2015\release_static_build\colormaterial.obj
c:\users\rodrigo\documents\saxion\second_year\quartier_7\engine\engine\_vs2015\release_static_build\abstractmaterial.obj
c:\users\rodrigo\documents\saxion\second_year\quartier_7\engine\engine\_vs2015\release_static_build\world.obj
c:\users\rodrigo\documents\saxion\second_year\quartier_7\engine\engine\_vs2015\release_static_build\texture.obj
c:\users\rodrigo\documents\saxion\second_year\quartier_7\engine\engine\_vs2015\release_static_build\shaderprogram.obj
c:\users\rodrigo\documents\saxion\second_year\quartier_7\engine\engine\_vs2015\release_static_build\renderer.obj
c:\users\rodrigo\documents\saxion\second_year\quartier_7\engine\engine\_vs2015\release_static_build\mesh.obj
c:\users\rodrigo\documents\saxion\second_year\quartier_7\engine\engine\_vs2015\release_static_build\gameobject.obj
c:\users\rodrigo\documents\saxion\second_year\quartier_7\engine\engine\_vs2015\release_static_build\camera.obj
c:\users\rodrigo\documents\saxion\second_year\quartier_7\engine\engine\_vs2015\release_static_build\abstractgame.obj
c:\users\rodrigo\documents\saxion\second_year\quartier_7\engine\engine\_vs2015\release_static_build\rotatingbehaviour.obj
c:\users\rodrigo\documents\saxion\second_year\quartier_7\engine\engine\_vs2015\release_static_build\lookat.obj
c:\users\rodrigo\documents\saxion\second_year\quartier_7\engine\engine\_vs2015\release_static_build\keysbehaviour.obj
c:\users\rodrigo\documents\saxion\second_year\quartier_7\engine\engine\_vs2015\release_static_build\abstractbehaviour.obj
c:\users\rodrigo\documents\saxion\second_year\quartier_7\engine\engine\_vs2015\release_static_build\imagebehaviour.obj
c:\users\rodrigo\documents\saxion\second_year\quartier_7\engine\engine\_vs2015\release_static_build\leveleditor.obj
c:\users\rodrigo\documents\saxion\second_year\quartier_7\engine\engine\_vs2015\release_static_build\main.obj
c:\users\rodrigo\documents\saxion\second_year\quartier_7\engine\engine\_vs2015\release_static_build\empty.obj
c:\users\rodrigo\documents\saxion\second_year\quartier_7\engine\engine\_vs2015\release_static_build\level.obj
c:\users\rodrigo\documents\saxion\second_year\quartier_7\engine\engine\_vs2015\release_static_build\enemywave.obj
c:\users\rodrigo\documents\saxion\second_year\quartier_7\engine\engine\_vs2015\release_static_build\enemy.obj
c:\users\rodrigo\documents\saxion\second_year\quartier_7\engine\engine\_vs2015\release_static_build\camerabehaviour.obj
c:\users\rodrigo\documents\saxion\second_year\quartier_7\engine\engine\_vs2015\release_static_build\waypoint.obj
c:\users\rodrigo\documents\saxion\second_year\quartier_7\engine\engine\_vs2015\release_static_build\enemybehaviour.obj
c:\users\rodrigo\documents\saxion\second_year\quartier_7\engine\engine\_vs2015\release_static_build\spaceshipbehaviour.obj
c:\users\rodrigo\documents\saxion\second_year\quartier_7\engine\engine\_vs2015\release_static_build\levelmanager.obj
c:\users\rodrigo\documents\saxion\second_year\quartier_7\engine\engine\_vs2015\release_static_exe/mge.exe
c:\users\rodrigo\documents\saxion\second_year\quartier_7\engine\engine\_vs2015\release_static_build\mge.tlog\cl.command.1.tlog
c:\users\rodrigo\documents\saxion\second_year\quartier_7\engine\engine\_vs2015\release_static_build\mge.tlog\cl.read.1.tlog
c:\users\rodrigo\documents\saxion\second_year\quartier_7\engine\engine\_vs2015\release_static_build\mge.tlog\cl.write.1.tlog
c:\users\rodrigo\documents\saxion\second_year\quartier_7\engine\engine\_vs2015\release_static_build\mge.tlog\link.command.1.tlog
c:\users\rodrigo\documents\saxion\second_year\quartier_7\engine\engine\_vs2015\release_static_build\mge.tlog\link.read.1.tlog
c:\users\rodrigo\documents\saxion\second_year\quartier_7\engine\engine\_vs2015\release_static_build\mge.tlog\link.write.1.tlog
